<?xml version="1.0" encoding="utf-8"?>
<coverage line-rate="0.8571" branch-rate="0.9375" version="1.9" timestamp="1749521070" lines-covered="48" lines-valid="56" branches-covered="15" branches-valid="16">
  <sources>
    <source>C:\Users\Carta\Documents\Clases\Ingenieria de Software II\tallerpruebasunitarias-BGHcar\Cooperativa.Domain\</source>
  </sources>
  <packages>
    <package name="Cooperativa.Domain" line-rate="0.8571" branch-rate="0.9375" complexity="26">
      <classes>
        <class name="Cooperativa.Domain.Services.RetiroValidator" filename="Services\RetiroValidator.cs" line-rate="1" branch-rate="1" complexity="14">
          <methods>
            <method name="ValidarRetiro" signature="(Cooperativa.Domain.Models.RetiroValidationRequest)" line-rate="1" branch-rate="1" complexity="14">
              <lines>
                <line number="17" hits="10" branch="False" />
                <line number="18" hits="10" branch="True" condition-coverage="100% (2/2)">
                  <conditions>
                    <condition number="7" type="jump" coverage="100%" />
                  </conditions>
                </line>
                <line number="19" hits="1" branch="False" />
                <line number="21" hits="9" branch="False" />
                <line number="24" hits="9" branch="True" condition-coverage="100% (2/2)">
                  <conditions>
                    <condition number="42" type="jump" coverage="100%" />
                  </conditions>
                </line>
                <line number="25" hits="2" branch="False" />
                <line number="26" hits="2" branch="False" />
                <line number="27" hits="2" branch="False" />
                <line number="30" hits="9" branch="True" condition-coverage="100% (2/2)">
                  <conditions>
                    <condition number="77" type="jump" coverage="100%" />
                  </conditions>
                </line>
                <line number="31" hits="3" branch="False" />
                <line number="32" hits="3" branch="False" />
                <line number="33" hits="3" branch="False" />
                <line number="36" hits="9" branch="True" condition-coverage="100% (2/2)">
                  <conditions>
                    <condition number="114" type="jump" coverage="100%" />
                  </conditions>
                </line>
                <line number="37" hits="2" branch="False" />
                <line number="38" hits="2" branch="False" />
                <line number="39" hits="2" branch="False" />
                <line number="42" hits="9" branch="True" condition-coverage="100% (2/2)">
                  <conditions>
                    <condition number="140" type="jump" coverage="100%" />
                  </conditions>
                </line>
                <line number="43" hits="2" branch="False" />
                <line number="44" hits="2" branch="False" />
                <line number="45" hits="2" branch="False" />
                <line number="48" hits="9" branch="True" condition-coverage="100% (2/2)">
                  <conditions>
                    <condition number="188" type="jump" coverage="100%" />
                  </conditions>
                </line>
                <line number="49" hits="3" branch="False" />
                <line number="50" hits="3" branch="False" />
                <line number="51" hits="3" branch="False" />
                <line number="54" hits="9" branch="True" condition-coverage="100% (2/2)">
                  <conditions>
                    <condition number="217" type="jump" coverage="100%" />
                  </conditions>
                </line>
                <line number="55" hits="2" branch="False" />
                <line number="56" hits="2" branch="False" />
                <line number="60" hits="7" branch="False" />
                <line number="61" hits="9" branch="False" />
              </lines>
            </method>
          </methods>
          <lines>
            <line number="17" hits="10" branch="False" />
            <line number="18" hits="10" branch="True" condition-coverage="100% (2/2)">
              <conditions>
                <condition number="7" type="jump" coverage="100%" />
              </conditions>
            </line>
            <line number="19" hits="1" branch="False" />
            <line number="21" hits="9" branch="False" />
            <line number="24" hits="9" branch="True" condition-coverage="100% (2/2)">
              <conditions>
                <condition number="42" type="jump" coverage="100%" />
              </conditions>
            </line>
            <line number="25" hits="2" branch="False" />
            <line number="26" hits="2" branch="False" />
            <line number="27" hits="2" branch="False" />
            <line number="30" hits="9" branch="True" condition-coverage="100% (2/2)">
              <conditions>
                <condition number="77" type="jump" coverage="100%" />
              </conditions>
            </line>
            <line number="31" hits="3" branch="False" />
            <line number="32" hits="3" branch="False" />
            <line number="33" hits="3" branch="False" />
            <line number="36" hits="9" branch="True" condition-coverage="100% (2/2)">
              <conditions>
                <condition number="114" type="jump" coverage="100%" />
              </conditions>
            </line>
            <line number="37" hits="2" branch="False" />
            <line number="38" hits="2" branch="False" />
            <line number="39" hits="2" branch="False" />
            <line number="42" hits="9" branch="True" condition-coverage="100% (2/2)">
              <conditions>
                <condition number="140" type="jump" coverage="100%" />
              </conditions>
            </line>
            <line number="43" hits="2" branch="False" />
            <line number="44" hits="2" branch="False" />
            <line number="45" hits="2" branch="False" />
            <line number="48" hits="9" branch="True" condition-coverage="100% (2/2)">
              <conditions>
                <condition number="188" type="jump" coverage="100%" />
              </conditions>
            </line>
            <line number="49" hits="3" branch="False" />
            <line number="50" hits="3" branch="False" />
            <line number="51" hits="3" branch="False" />
            <line number="54" hits="9" branch="True" condition-coverage="100% (2/2)">
              <conditions>
                <condition number="217" type="jump" coverage="100%" />
              </conditions>
            </line>
            <line number="55" hits="2" branch="False" />
            <line number="56" hits="2" branch="False" />
            <line number="60" hits="7" branch="False" />
            <line number="61" hits="9" branch="False" />
          </lines>
        </class>
        <class name="Cooperativa.Domain.Models.RetiroValidationRequest" filename="Models\RetiroValidationRequest.cs" line-rate="1" branch-rate="1" complexity="5">
          <methods>
            <method name="get_EstaCuentaActiva" signature="()" line-rate="1" branch-rate="1" complexity="1">
              <lines>
                <line number="11" hits="18" branch="False" />
              </lines>
            </method>
            <method name="get_SaldoActual" signature="()" line-rate="1" branch-rate="1" complexity="1">
              <lines>
                <line number="16" hits="18" branch="False" />
              </lines>
            </method>
            <method name="get_MontoSolicitado" signature="()" line-rate="1" branch-rate="1" complexity="1">
              <lines>
                <line number="21" hits="36" branch="False" />
              </lines>
            </method>
            <method name="get_LimiteRetiroDiario" signature="()" line-rate="1" branch-rate="1" complexity="1">
              <lines>
                <line number="26" hits="18" branch="False" />
              </lines>
            </method>
            <method name="get_EstaBloqueadaPorFraude" signature="()" line-rate="1" branch-rate="1" complexity="1">
              <lines>
                <line number="31" hits="18" branch="False" />
              </lines>
            </method>
          </methods>
          <lines>
            <line number="11" hits="18" branch="False" />
            <line number="16" hits="18" branch="False" />
            <line number="21" hits="36" branch="False" />
            <line number="26" hits="18" branch="False" />
            <line number="31" hits="18" branch="False" />
          </lines>
        </class>
        <class name="Cooperativa.Domain.Models.RetiroValidationResult" filename="Models\RetiroValidationResult.cs" line-rate="0.6363" branch-rate="0.5" complexity="7">
          <methods>
            <method name="get_EsValido" signature="()" line-rate="1" branch-rate="1" complexity="1">
              <lines>
                <line number="11" hits="18" branch="False" />
              </lines>
            </method>
            <method name="get_MensajeError" signature="()" line-rate="1" branch-rate="1" complexity="1">
              <lines>
                <line number="16" hits="23" branch="False" />
              </lines>
            </method>
            <method name="get_ErroresDetallados" signature="()" line-rate="1" branch-rate="1" complexity="1">
              <lines>
                <line number="21" hits="32" branch="False" />
              </lines>
            </method>
            <method name="Exitoso" signature="()" line-rate="1" branch-rate="1" complexity="1">
              <lines>
                <line number="28" hits="2" branch="False" />
                <line number="29" hits="2" branch="False" />
                <line number="30" hits="2" branch="False" />
              </lines>
            </method>
            <method name="ConError" signature="(System.String)" line-rate="0" branch-rate="1" complexity="1">
              <lines>
                <line number="38" hits="0" branch="False" />
                <line number="39" hits="0" branch="False" />
                <line number="40" hits="0" branch="False" />
                <line number="41" hits="0" branch="False" />
                <line number="42" hits="0" branch="False" />
                <line number="43" hits="0" branch="False" />
                <line number="44" hits="0" branch="False" />
                <line number="45" hits="0" branch="False" />
              </lines>
            </method>
            <method name="ConErrores" signature="(System.Collections.Generic.List`1&lt;System.String&gt;)" line-rate="1" branch-rate="0.5" complexity="2">
              <lines>
                <line number="53" hits="7" branch="False" />
                <line number="54" hits="7" branch="True" condition-coverage="50% (1/2)">
                  <conditions>
                    <condition number="22" type="jump" coverage="50%" />
                  </conditions>
                </line>
                <line number="55" hits="7" branch="False" />
                <line number="56" hits="7" branch="False" />
                <line number="57" hits="7" branch="False" />
                <line number="58" hits="7" branch="False" />
                <line number="59" hits="7" branch="False" />
                <line number="60" hits="7" branch="False" />
              </lines>
            </method>
          </methods>
          <lines>
            <line number="11" hits="18" branch="False" />
            <line number="16" hits="23" branch="False" />
            <line number="21" hits="32" branch="False" />
            <line number="28" hits="2" branch="False" />
            <line number="29" hits="2" branch="False" />
            <line number="30" hits="2" branch="False" />
            <line number="38" hits="0" branch="False" />
            <line number="39" hits="0" branch="False" />
            <line number="40" hits="0" branch="False" />
            <line number="41" hits="0" branch="False" />
            <line number="42" hits="0" branch="False" />
            <line number="43" hits="0" branch="False" />
            <line number="44" hits="0" branch="False" />
            <line number="45" hits="0" branch="False" />
            <line number="53" hits="7" branch="False" />
            <line number="54" hits="7" branch="True" condition-coverage="50% (1/2)">
              <conditions>
                <condition number="22" type="jump" coverage="50%" />
              </conditions>
            </line>
            <line number="55" hits="7" branch="False" />
            <line number="56" hits="7" branch="False" />
            <line number="57" hits="7" branch="False" />
            <line number="58" hits="7" branch="False" />
            <line number="59" hits="7" branch="False" />
            <line number="60" hits="7" branch="False" />
          </lines>
        </class>
      </classes>
    </package>
  </packages>
</coverage>